#
# There is insufficient memory for the Java Runtime Environment to continue.
# Native memory allocation (malloc) failed to allocate 1048576 bytes for AllocateHeap
# Possible reasons:
#   The system is out of physical RAM or swap space
#   The process is running with CompressedOops enabled, and the Java Heap may be blocking the growth of the native heap
# Possible solutions:
#   Reduce memory load on the system
#   Increase physical memory or swap space
#   Check if swap backing store is full
#   Decrease Java heap size (-Xmx/-Xms)
#   Decrease number of Java threads
#   Decrease Java thread stack sizes (-Xss)
#   Set larger code cache with -XX:ReservedCodeCacheSize=
#   JVM is running with Zero Based Compressed Oops mode in which the Java heap is
#     placed in the first 32GB address space. The Java Heap base address is the
#     maximum limit for the native heap growth. Please use -XX:HeapBaseMinAddress
#     to set the Java Heap base and to place the Java Heap above 32GB virtual address.
# This output file may be truncated or incomplete.
#
#  Out of Memory Error (memory/allocation.inline.hpp:61), pid=16948, tid=0x0000000000012364
#
# JRE version:  (8.0_281-b09) (build )
# Java VM: Java HotSpot(TM) 64-Bit Server VM (25.281-b09 mixed mode windows-amd64 compressed oops)
# Failed to write core dump. Call to MiniDumpWriteDump() failed (Error 0x800705af: The paging file is too small for this operation to complete.
)
#

---------------  T H R E A D  ---------------

Current thread (0x000002e9695d7800):  JavaThread "Unknown thread" [_thread_in_vm, id=74596, stack(0x000000f95de00000,0x000000f95df00000)]

Stack: [0x000000f95de00000,0x000000f95df00000]
Native frames: (J=compiled Java code, j=interpreted, Vv=VM code, C=native code)
V  [jvm.dll+0x32e5b9]
V  [jvm.dll+0x275012]
V  [jvm.dll+0x275cbd]
V  [jvm.dll+0x26c6f5]
V  [jvm.dll+0x509d]
V  [jvm.dll+0x3c96ec]
V  [jvm.dll+0x3c5a67]
V  [jvm.dll+0xfcaaf]
V  [jvm.dll+0x209a1b]
V  [jvm.dll+0x2383d7]
V  [jvm.dll+0x162566]
C  [javaw.exe+0x2322]
C  [javaw.exe+0x16544]
C  [KERNEL32.DLL+0x17034]
C  [ntdll.dll+0x52651]


---------------  P R O C E S S  ---------------

Java Threads: ( => current thread )

Other Threads:

=>0x000002e9695d7800 (exited) JavaThread "Unknown thread" [_thread_in_vm, id=74596, stack(0x000000f95de00000,0x000000f95df00000)]

VM state:not at safepoint (normal execution)

VM Mutex/Monitor currently owned by a thread: None

heap address: 0x00000003c0000000, size: 16384 MB, Compressed Oops mode: Zero based, Oop shift amount: 3
Narrow klass base: 0x0000000000000000, Narrow klass shift: 3
Compressed class space size: 1073741824 Address: 0x00000007c0000000

Heap:
 PSYoungGen      total 305664K, used 5242K [0x000000066ab00000, 0x0000000680000000, 0x00000007c0000000)
  eden space 262144K, 2% used [0x000000066ab00000,0x000000066b01eb90,0x000000067ab00000)
  from space 43520K, 0% used [0x000000067d580000,0x000000067d580000,0x0000000680000000)
  to   space 43520K, 0% used [0x000000067ab00000,0x000000067ab00000,0x000000067d580000)
 ParOldGen       total 699392K, used 0K [0x00000003c0000000, 0x00000003eab00000, 0x000000066ab00000)
  object space 699392K, 0% used [0x00000003c0000000,0x00000003c0000000,0x00000003eab00000)
 Metaspace       used 753K, capacity 4480K, committed 4480K, reserved 1056768K
  class space    used 76K, capacity 384K, committed 384K, reserved 1048576K

Card table byte_map: [0x000002e97a420000,0x000002e97c430000] byte_map_base: 0x000002e978620000

Marking Bits: (ParMarkBitMap*) 0x0000000073b16ff0
 Begin Bits: [0x000002e900000000, 0x000002e910000000)
 End Bits:   [0x000002e910000000, 0x000002e920000000)

Polling page: 0x000002e96ae90000

CodeCache: size=245760Kb used=327Kb max_used=327Kb free=245432Kb
 bounds [0x000002e96b060000, 0x000002e96b2d0000, 0x000002e97a060000]
 total_blobs=56 nmethods=0 adapters=38
 compilation: enabled

Compilation events (0 events):
No events

GC Heap History (0 events):
No events

Deoptimization events (0 events):
No events

Classes redefined (0 events):
No events

Internal exceptions (0 events):
No events

Events (10 events):
Event: 0.030 loading class java/lang/Short
Event: 0.030 loading class java/lang/Short done
Event: 0.030 loading class java/lang/Integer
Event: 0.030 loading class java/lang/Integer done
Event: 0.030 loading class java/lang/Long
Event: 0.030 loading class java/lang/Long done
Event: 0.031 loading class java/lang/NullPointerException
Event: 0.031 loading class java/lang/NullPointerException done
Event: 0.031 loading class java/lang/ArithmeticException
Event: 0.031 loading class java/lang/ArithmeticException done


Dynamic libraries:
0x00007ff697930000 - 0x00007ff697977000 	C:\Program Files\Java\jre1.8.0_281\bin\javaw.exe
0x00007ffeb1250000 - 0x00007ffeb1445000 	C:\Windows\SYSTEM32\ntdll.dll
0x00007ffeaf350000 - 0x00007ffeaf40d000 	C:\Windows\System32\KERNEL32.DLL
0x00007ffeaec70000 - 0x00007ffeaef39000 	C:\Windows\System32\KERNELBASE.dll
0x00007ffeb06e0000 - 0x00007ffeb078c000 	C:\Windows\System32\ADVAPI32.dll
0x00007ffeaf2b0000 - 0x00007ffeaf34e000 	C:\Windows\System32\msvcrt.dll
0x00007ffeb0390000 - 0x00007ffeb042c000 	C:\Windows\System32\sechost.dll
0x00007ffeb10e0000 - 0x00007ffeb120b000 	C:\Windows\System32\RPCRT4.dll
0x00007ffeaf410000 - 0x00007ffeaf5b0000 	C:\Windows\System32\USER32.dll
0x00007ffeae990000 - 0x00007ffeae9b2000 	C:\Windows\System32\win32u.dll
0x00007ffeaf840000 - 0x00007ffeaf86a000 	C:\Windows\System32\GDI32.dll
0x00007ffeaef40000 - 0x00007ffeaf04b000 	C:\Windows\System32\gdi32full.dll
0x00007ffeaf1b0000 - 0x00007ffeaf24d000 	C:\Windows\System32\msvcp_win.dll
0x00007ffeae9c0000 - 0x00007ffeaeac0000 	C:\Windows\System32\ucrtbase.dll
0x00007ffe997d0000 - 0x00007ffe99a6a000 	C:\Windows\WinSxS\amd64_microsoft.windows.common-controls_6595b64144ccf1df_6.0.19041.844_none_ca00b6081b84eb1d\COMCTL32.dll
0x00007ffeb0360000 - 0x00007ffeb0390000 	C:\Windows\System32\IMM32.DLL
0x000002e96aeb0000 - 0x000002e96aec4000 	C:\Windows\System32\umppc15316.dll
0x00007ffe143e0000 - 0x00007ffe143f5000 	C:\Program Files\Java\jre1.8.0_281\bin\vcruntime140.dll
0x00007ffe14340000 - 0x00007ffe143db000 	C:\Program Files\Java\jre1.8.0_281\bin\msvcp140.dll
0x0000000073330000 - 0x0000000073b8f000 	C:\Program Files\Java\jre1.8.0_281\bin\server\jvm.dll
0x00007ffeb0670000 - 0x00007ffeb0678000 	C:\Windows\System32\PSAPI.DLL
0x00007ffea2440000 - 0x00007ffea2449000 	C:\Windows\SYSTEM32\WSOCK32.dll
0x00007ffeb0ba0000 - 0x00007ffeb0c0b000 	C:\Windows\System32\WS2_32.dll
0x00007ffea2210000 - 0x00007ffea2237000 	C:\Windows\SYSTEM32\WINMM.dll
0x00007ffea2720000 - 0x00007ffea272a000 	C:\Windows\SYSTEM32\VERSION.dll
0x00007ffead060000 - 0x00007ffead072000 	C:\Windows\SYSTEM32\kernel.appcore.dll
0x00007ffea10a0000 - 0x00007ffea10b0000 	C:\Program Files\Java\jre1.8.0_281\bin\verify.dll
0x00007ffe707b0000 - 0x00007ffe707db000 	C:\Program Files\Java\jre1.8.0_281\bin\java.dll
0x00007ffe70860000 - 0x00007ffe70878000 	C:\Program Files\Java\jre1.8.0_281\bin\zip.dll
0x00007ffea1570000 - 0x00007ffea1754000 	C:\Windows\system32\DBGHELP.DLL
0x00007ffea08e0000 - 0x00007ffea090c000 	C:\Windows\SYSTEM32\dbgcore.DLL
0x00007ffeaebf0000 - 0x00007ffeaec70000 	C:\Windows\System32\bcryptPrimitives.dll

VM Arguments:
jvm_args: -Dfile.encoding=Cp1252 
java_command: com.main.App
java_class_path (initial): C:\Program Files\Java\jre1.8.0_281\lib\resources.jar;C:\Program Files\Java\jre1.8.0_281\lib\rt.jar;C:\Program Files\Java\jre1.8.0_281\lib\jsse.jar;C:\Program Files\Java\jre1.8.0_281\lib\jce.jar;C:\Program Files\Java\jre1.8.0_281\lib\charsets.jar;C:\Program Files\Java\jre1.8.0_281\lib\jfr.jar;C:\Program Files\Java\jre1.8.0_281\lib\ext\access-bridge-64.jar;C:\Program Files\Java\jre1.8.0_281\lib\ext\cldrdata.jar;C:\Program Files\Java\jre1.8.0_281\lib\ext\dnsns.jar;C:\Program Files\Java\jre1.8.0_281\lib\ext\jaccess.jar;C:\Program Files\Java\jre1.8.0_281\lib\ext\jfxrt.jar;C:\Program Files\Java\jre1.8.0_281\lib\ext\localedata.jar;C:\Program Files\Java\jre1.8.0_281\lib\ext\nashorn.jar;C:\Program Files\Java\jre1.8.0_281\lib\ext\sunec.jar;C:\Program Files\Java\jre1.8.0_281\lib\ext\sunjce_provider.jar;C:\Program Files\Java\jre1.8.0_281\lib\ext\sunmscapi.jar;C:\Program Files\Java\jre1.8.0_281\lib\ext\sunpkcs11.jar;C:\Program Files\Java\jre1.8.0_281\lib\ext\zipfs.jar;C:\Users\1000075547\eclipse-workspace\TeamProject1\bin;C:\Users\1000075547\eclipse-workspace\TeamProject1\lib\mysql-connector-java-8.0.28.jar
Launcher Type: SUN_STANDARD

Environment Variables:
JAVA_HOME=C:\Program Files\Java\jdk1.8.0_281
USERNAME=1000075547
OS=Windows_NT
PROCESSOR_IDENTIFIER=AMD64 Family 23 Model 49 Stepping 0, AuthenticAMD



---------------  S Y S T E M  ---------------

OS: Windows 10.0 , 64 bit Build 19041 (10.0.19041.804)

CPU:total 8 (initial active 8) (8 cores per cpu, 1 threads per core) family 23 model 49 stepping 0, cmov, cx8, fxsr, mmx, sse, sse2, sse3, ssse3, sse4.1, sse4.2, popcnt, avx, avx2, aes, clmul, mmxext, 3dnowpref, lzcnt, sse4a, tsc, bmi1

Memory: 4k page, physical 67108404k(21388172k free), swap 83885360k(9904k free)

vm_info: Java HotSpot(TM) 64-Bit Server VM (25.281-b09) for windows-amd64 JRE (1.8.0_281-b09), built on Dec  9 2020 13:54:07 by "" with MS VC++ 15.9 (VS2017)

time: Fri Jul 15 00:12:50 2022
timezone: Pacific Daylight Time
elapsed time: 0.088818 seconds (0d 0h 0m 0s)

